2014/11/08 16:38:05 [error] [php] include(Users.php): failed to open stream: No such file or directory (/var/www/html/yii/framework/YiiBase.php:427)
Stack trace:
#0 /var/www/html/yii/framework/db/ar/CActiveRecord.php(395): spl_autoload_call()
#1 /var/www/html/yii/videoclub/protected/controllers/MovieController.php(10): model()
#2 /var/www/html/yii/framework/web/actions/CInlineAction.php(49): MovieController->actionIndex()
#3 /var/www/html/yii/framework/web/CController.php(308): CInlineAction->runWithParams()
#4 /var/www/html/yii/framework/web/CController.php(286): MovieController->runAction()
#5 /var/www/html/yii/framework/web/CController.php(265): MovieController->runActionWithFilters()
#6 /var/www/html/yii/framework/web/CWebApplication.php(282): MovieController->run()
#7 /var/www/html/yii/framework/web/CWebApplication.php(141): CWebApplication->runController()
#8 /var/www/html/yii/framework/base/CApplication.php(180): CWebApplication->processRequest()
#9 /var/www/html/yii/videoclub/index.php(13): CWebApplication->run()
REQUEST_URI=/yii/videoclub/index.php?r=movie/index
in /var/www/html/yii/videoclub/protected/controllers/MovieController.php (10)
in /var/www/html/yii/videoclub/index.php (13)
2014/11/08 17:36:59 [error] [exception.CDbException] exception 'CDbException' with message 'CDbConnection failed to open the DB connection: could not find driver' in /var/www/html/yii/framework/db/CDbConnection.php:382
Stack trace:
#0 /var/www/html/yii/framework/db/CDbConnection.php(330): CDbConnection->open()
#1 /var/www/html/yii/framework/db/CDbConnection.php(308): CDbConnection->setActive(true)
#2 /var/www/html/yii/framework/base/CModule.php(387): CDbConnection->init()
#3 /var/www/html/yii/framework/base/CApplication.php(450): CModule->getComponent('db')
#4 /var/www/html/yii/framework/db/ar/CActiveRecord.php(634): CApplication->getDb()
#5 /var/www/html/yii/framework/db/ar/CActiveRecord.php(667): CActiveRecord->getDbConnection()
#6 /var/www/html/yii/framework/db/ar/CActiveRecord.php(1469): CActiveRecord->getCommandBuilder()
#7 /var/www/html/yii/videoclub/protected/controllers/SiteController.php(30): CActiveRecord->findAll()
#8 /var/www/html/yii/framework/web/actions/CInlineAction.php(49): SiteController->actionIndex()
#9 /var/www/html/yii/framework/web/CController.php(308): CInlineAction->runWithParams(Array)
#10 /var/www/html/yii/framework/web/CController.php(286): CController->runAction(Object(CInlineAction))
#11 /var/www/html/yii/framework/web/CController.php(265): CController->runActionWithFilters(Object(CInlineAction), Array)
#12 /var/www/html/yii/framework/web/CWebApplication.php(282): CController->run('index')
#13 /var/www/html/yii/framework/web/CWebApplication.php(141): CWebApplication->runController('site/index')
#14 /var/www/html/yii/framework/base/CApplication.php(180): CWebApplication->processRequest()
#15 /var/www/html/yii/videoclub/index.php(13): CApplication->run()
#16 {main}
REQUEST_URI=/yii/videoclub/index.php?r=site/index
HTTP_REFERER=http://localhost/yii/videoclub/index.php?r=site/login
---
2014/11/08 17:37:38 [error] [exception.CDbException] exception 'CDbException' with message 'CDbConnection failed to open the DB connection: could not find driver' in /var/www/html/yii/framework/db/CDbConnection.php:382
Stack trace:
#0 /var/www/html/yii/framework/db/CDbConnection.php(330): CDbConnection->open()
#1 /var/www/html/yii/framework/db/CDbConnection.php(308): CDbConnection->setActive(true)
#2 /var/www/html/yii/framework/base/CModule.php(387): CDbConnection->init()
#3 /var/www/html/yii/framework/base/CApplication.php(450): CModule->getComponent('db')
#4 /var/www/html/yii/framework/db/ar/CActiveRecord.php(634): CApplication->getDb()
#5 /var/www/html/yii/framework/db/ar/CActiveRecord.php(667): CActiveRecord->getDbConnection()
#6 /var/www/html/yii/framework/db/ar/CActiveRecord.php(1469): CActiveRecord->getCommandBuilder()
#7 /var/www/html/yii/videoclub/protected/controllers/SiteController.php(30): CActiveRecord->findAll()
#8 /var/www/html/yii/framework/web/actions/CInlineAction.php(49): SiteController->actionIndex()
#9 /var/www/html/yii/framework/web/CController.php(308): CInlineAction->runWithParams(Array)
#10 /var/www/html/yii/framework/web/CController.php(286): CController->runAction(Object(CInlineAction))
#11 /var/www/html/yii/framework/web/CController.php(265): CController->runActionWithFilters(Object(CInlineAction), Array)
#12 /var/www/html/yii/framework/web/CWebApplication.php(282): CController->run('index')
#13 /var/www/html/yii/framework/web/CWebApplication.php(141): CWebApplication->runController('site/index')
#14 /var/www/html/yii/framework/base/CApplication.php(180): CWebApplication->processRequest()
#15 /var/www/html/yii/videoclub/index.php(13): CApplication->run()
#16 {main}
REQUEST_URI=/yii/videoclub/index.php?r=site/index
HTTP_REFERER=http://localhost/yii/videoclub/index.php?r=site/login
---
2014/11/08 17:37:40 [error] [exception.CDbException] exception 'CDbException' with message 'CDbConnection failed to open the DB connection: could not find driver' in /var/www/html/yii/framework/db/CDbConnection.php:382
Stack trace:
#0 /var/www/html/yii/framework/db/CDbConnection.php(330): CDbConnection->open()
#1 /var/www/html/yii/framework/db/CDbConnection.php(308): CDbConnection->setActive(true)
#2 /var/www/html/yii/framework/base/CModule.php(387): CDbConnection->init()
#3 /var/www/html/yii/framework/base/CApplication.php(450): CModule->getComponent('db')
#4 /var/www/html/yii/framework/db/ar/CActiveRecord.php(634): CApplication->getDb()
#5 /var/www/html/yii/framework/db/ar/CActiveRecord.php(667): CActiveRecord->getDbConnection()
#6 /var/www/html/yii/framework/db/ar/CActiveRecord.php(1469): CActiveRecord->getCommandBuilder()
#7 /var/www/html/yii/videoclub/protected/controllers/SiteController.php(30): CActiveRecord->findAll()
#8 /var/www/html/yii/framework/web/actions/CInlineAction.php(49): SiteController->actionIndex()
#9 /var/www/html/yii/framework/web/CController.php(308): CInlineAction->runWithParams(Array)
#10 /var/www/html/yii/framework/web/CController.php(286): CController->runAction(Object(CInlineAction))
#11 /var/www/html/yii/framework/web/CController.php(265): CController->runActionWithFilters(Object(CInlineAction), Array)
#12 /var/www/html/yii/framework/web/CWebApplication.php(282): CController->run('index')
#13 /var/www/html/yii/framework/web/CWebApplication.php(141): CWebApplication->runController('site/index')
#14 /var/www/html/yii/framework/base/CApplication.php(180): CWebApplication->processRequest()
#15 /var/www/html/yii/videoclub/index.php(13): CApplication->run()
#16 {main}
REQUEST_URI=/yii/videoclub/index.php?r=site/index
HTTP_REFERER=http://localhost/yii/videoclub/index.php?r=site/login
---
2014/11/08 17:40:46 [error] [exception.CDbException] exception 'CDbException' with message 'CDbConnection failed to open the DB connection: could not find driver' in /var/www/html/yii/framework/db/CDbConnection.php:382
Stack trace:
#0 /var/www/html/yii/framework/db/CDbConnection.php(330): CDbConnection->open()
#1 /var/www/html/yii/framework/db/CDbConnection.php(308): CDbConnection->setActive(true)
#2 /var/www/html/yii/framework/base/CModule.php(387): CDbConnection->init()
#3 /var/www/html/yii/framework/base/CApplication.php(450): CModule->getComponent('db')
#4 /var/www/html/yii/framework/db/ar/CActiveRecord.php(634): CApplication->getDb()
#5 /var/www/html/yii/framework/db/ar/CActiveRecord.php(667): CActiveRecord->getDbConnection()
#6 /var/www/html/yii/framework/db/ar/CActiveRecord.php(1469): CActiveRecord->getCommandBuilder()
#7 /var/www/html/yii/videoclub/protected/controllers/SiteController.php(30): CActiveRecord->findAll()
#8 /var/www/html/yii/framework/web/actions/CInlineAction.php(49): SiteController->actionIndex()
#9 /var/www/html/yii/framework/web/CController.php(308): CInlineAction->runWithParams(Array)
#10 /var/www/html/yii/framework/web/CController.php(286): CController->runAction(Object(CInlineAction))
#11 /var/www/html/yii/framework/web/CController.php(265): CController->runActionWithFilters(Object(CInlineAction), Array)
#12 /var/www/html/yii/framework/web/CWebApplication.php(282): CController->run('index')
#13 /var/www/html/yii/framework/web/CWebApplication.php(141): CWebApplication->runController('site/index')
#14 /var/www/html/yii/framework/base/CApplication.php(180): CWebApplication->processRequest()
#15 /var/www/html/yii/videoclub/index.php(13): CApplication->run()
#16 {main}
REQUEST_URI=/yii/videoclub/index.php?r=site/index
HTTP_REFERER=http://localhost/yii/videoclub/index.php?r=site/login
---
2014/11/08 17:40:47 [error] [exception.CDbException] exception 'CDbException' with message 'CDbConnection failed to open the DB connection: could not find driver' in /var/www/html/yii/framework/db/CDbConnection.php:382
Stack trace:
#0 /var/www/html/yii/framework/db/CDbConnection.php(330): CDbConnection->open()
#1 /var/www/html/yii/framework/db/CDbConnection.php(308): CDbConnection->setActive(true)
#2 /var/www/html/yii/framework/base/CModule.php(387): CDbConnection->init()
#3 /var/www/html/yii/framework/base/CApplication.php(450): CModule->getComponent('db')
#4 /var/www/html/yii/framework/db/ar/CActiveRecord.php(634): CApplication->getDb()
#5 /var/www/html/yii/framework/db/ar/CActiveRecord.php(667): CActiveRecord->getDbConnection()
#6 /var/www/html/yii/framework/db/ar/CActiveRecord.php(1469): CActiveRecord->getCommandBuilder()
#7 /var/www/html/yii/videoclub/protected/controllers/SiteController.php(30): CActiveRecord->findAll()
#8 /var/www/html/yii/framework/web/actions/CInlineAction.php(49): SiteController->actionIndex()
#9 /var/www/html/yii/framework/web/CController.php(308): CInlineAction->runWithParams(Array)
#10 /var/www/html/yii/framework/web/CController.php(286): CController->runAction(Object(CInlineAction))
#11 /var/www/html/yii/framework/web/CController.php(265): CController->runActionWithFilters(Object(CInlineAction), Array)
#12 /var/www/html/yii/framework/web/CWebApplication.php(282): CController->run('index')
#13 /var/www/html/yii/framework/web/CWebApplication.php(141): CWebApplication->runController('site/index')
#14 /var/www/html/yii/framework/base/CApplication.php(180): CWebApplication->processRequest()
#15 /var/www/html/yii/videoclub/index.php(13): CApplication->run()
#16 {main}
REQUEST_URI=/yii/videoclub/index.php?r=site/index
HTTP_REFERER=http://localhost/yii/videoclub/index.php?r=site/login
---
2014/11/08 17:40:48 [error] [exception.CDbException] exception 'CDbException' with message 'CDbConnection failed to open the DB connection: could not find driver' in /var/www/html/yii/framework/db/CDbConnection.php:382
Stack trace:
#0 /var/www/html/yii/framework/db/CDbConnection.php(330): CDbConnection->open()
#1 /var/www/html/yii/framework/db/CDbConnection.php(308): CDbConnection->setActive(true)
#2 /var/www/html/yii/framework/base/CModule.php(387): CDbConnection->init()
#3 /var/www/html/yii/framework/base/CApplication.php(450): CModule->getComponent('db')
#4 /var/www/html/yii/framework/db/ar/CActiveRecord.php(634): CApplication->getDb()
#5 /var/www/html/yii/framework/db/ar/CActiveRecord.php(667): CActiveRecord->getDbConnection()
#6 /var/www/html/yii/framework/db/ar/CActiveRecord.php(1469): CActiveRecord->getCommandBuilder()
#7 /var/www/html/yii/videoclub/protected/controllers/SiteController.php(30): CActiveRecord->findAll()
#8 /var/www/html/yii/framework/web/actions/CInlineAction.php(49): SiteController->actionIndex()
#9 /var/www/html/yii/framework/web/CController.php(308): CInlineAction->runWithParams(Array)
#10 /var/www/html/yii/framework/web/CController.php(286): CController->runAction(Object(CInlineAction))
#11 /var/www/html/yii/framework/web/CController.php(265): CController->runActionWithFilters(Object(CInlineAction), Array)
#12 /var/www/html/yii/framework/web/CWebApplication.php(282): CController->run('index')
#13 /var/www/html/yii/framework/web/CWebApplication.php(141): CWebApplication->runController('site/index')
#14 /var/www/html/yii/framework/base/CApplication.php(180): CWebApplication->processRequest()
#15 /var/www/html/yii/videoclub/index.php(13): CApplication->run()
#16 {main}
REQUEST_URI=/yii/videoclub/index.php?r=site/index
HTTP_REFERER=http://localhost/yii/videoclub/index.php?r=site/login
---
2014/11/08 17:41:02 [error] [exception.CDbException] exception 'CDbException' with message 'CDbConnection failed to open the DB connection: could not find driver' in /var/www/html/yii/framework/db/CDbConnection.php:382
Stack trace:
#0 /var/www/html/yii/framework/db/CDbConnection.php(330): CDbConnection->open()
#1 /var/www/html/yii/framework/db/CDbConnection.php(308): CDbConnection->setActive(true)
#2 /var/www/html/yii/framework/base/CModule.php(387): CDbConnection->init()
#3 /var/www/html/yii/framework/base/CApplication.php(450): CModule->getComponent('db')
#4 /var/www/html/yii/framework/db/ar/CActiveRecord.php(634): CApplication->getDb()
#5 /var/www/html/yii/framework/db/ar/CActiveRecord.php(667): CActiveRecord->getDbConnection()
#6 /var/www/html/yii/framework/db/ar/CActiveRecord.php(1469): CActiveRecord->getCommandBuilder()
#7 /var/www/html/yii/videoclub/protected/controllers/SiteController.php(30): CActiveRecord->findAll()
#8 /var/www/html/yii/framework/web/actions/CInlineAction.php(49): SiteController->actionIndex()
#9 /var/www/html/yii/framework/web/CController.php(308): CInlineAction->runWithParams(Array)
#10 /var/www/html/yii/framework/web/CController.php(286): CController->runAction(Object(CInlineAction))
#11 /var/www/html/yii/framework/web/CController.php(265): CController->runActionWithFilters(Object(CInlineAction), Array)
#12 /var/www/html/yii/framework/web/CWebApplication.php(282): CController->run('')
#13 /var/www/html/yii/framework/web/CWebApplication.php(141): CWebApplication->runController('')
#14 /var/www/html/yii/framework/base/CApplication.php(180): CWebApplication->processRequest()
#15 /var/www/html/yii/videoclub/index.php(13): CApplication->run()
#16 {main}
REQUEST_URI=/yii/videoclub/
---
2014/11/08 19:18:38 [error] [exception.CException] exception 'CException' with message 'Property "Pelicula.img" is not defined.' in /var/www/html/yii/framework/base/CComponent.php:130
Stack trace:
#0 /var/www/html/yii/framework/db/ar/CActiveRecord.php(145): CComponent->__get('img')
#1 /var/www/html/yii/videoclub/protected/views/site/index.php(51): CActiveRecord->__get('img')
#2 /var/www/html/yii/framework/web/CBaseController.php(126): require('/var/www/html/y...')
#3 /var/www/html/yii/framework/web/CBaseController.php(95): CBaseController->renderInternal('/var/www/html/y...', Array, true)
#4 /var/www/html/yii/framework/web/CController.php(869): CBaseController->renderFile('/var/www/html/y...', Array, true)
#5 /var/www/html/yii/framework/web/CController.php(782): CController->renderPartial('index', Array, true)
#6 /var/www/html/yii/videoclub/protected/controllers/SiteController.php(31): CController->render('index', Array)
#7 /var/www/html/yii/framework/web/actions/CInlineAction.php(49): SiteController->actionIndex()
#8 /var/www/html/yii/framework/web/CController.php(308): CInlineAction->runWithParams(Array)
#9 /var/www/html/yii/framework/web/CController.php(286): CController->runAction(Object(CInlineAction))
#10 /var/www/html/yii/framework/web/CController.php(265): CController->runActionWithFilters(Object(CInlineAction), Array)
#11 /var/www/html/yii/framework/web/CWebApplication.php(282): CController->run('index')
#12 /var/www/html/yii/framework/web/CWebApplication.php(141): CWebApplication->runController('site/index')
#13 /var/www/html/yii/framework/base/CApplication.php(180): CWebApplication->processRequest()
#14 /var/www/html/yii/videoclub/index.php(13): CApplication->run()
#15 {main}
REQUEST_URI=/yii/videoclub/index.php?r=site/index
---
2014/11/08 19:27:24 [error] [php] Trying to get property of non-object (/var/www/html/yii/videoclub/protected/views/site/index.php:49)
Stack trace:
#0 /var/www/html/yii/framework/web/CController.php(869): SiteController->renderFile()
#1 /var/www/html/yii/framework/web/CController.php(782): SiteController->renderPartial()
#2 /var/www/html/yii/videoclub/protected/controllers/SiteController.php(31): SiteController->render()
#3 /var/www/html/yii/framework/web/actions/CInlineAction.php(49): SiteController->actionIndex()
#4 /var/www/html/yii/framework/web/CController.php(308): CInlineAction->runWithParams()
#5 /var/www/html/yii/framework/web/CController.php(286): SiteController->runAction()
#6 /var/www/html/yii/framework/web/CController.php(265): SiteController->runActionWithFilters()
#7 /var/www/html/yii/framework/web/CWebApplication.php(282): SiteController->run()
#8 /var/www/html/yii/framework/web/CWebApplication.php(141): CWebApplication->runController()
#9 /var/www/html/yii/framework/base/CApplication.php(180): CWebApplication->processRequest()
#10 /var/www/html/yii/videoclub/index.php(13): CWebApplication->run()
REQUEST_URI=/yii/videoclub/
in /var/www/html/yii/videoclub/protected/views/site/index.php (49)
in /var/www/html/yii/videoclub/protected/controllers/SiteController.php (31)
in /var/www/html/yii/videoclub/index.php (13)
2014/11/08 19:54:46 [error] [php] Trying to get property of non-object (/var/www/html/yii/videoclub/protected/views/site/index.php:49)
Stack trace:
#0 /var/www/html/yii/framework/web/CController.php(869): SiteController->renderFile()
#1 /var/www/html/yii/framework/web/CController.php(782): SiteController->renderPartial()
#2 /var/www/html/yii/videoclub/protected/controllers/SiteController.php(31): SiteController->render()
#3 /var/www/html/yii/framework/web/actions/CInlineAction.php(49): SiteController->actionIndex()
#4 /var/www/html/yii/framework/web/CController.php(308): CInlineAction->runWithParams()
#5 /var/www/html/yii/framework/web/CController.php(286): SiteController->runAction()
#6 /var/www/html/yii/framework/web/CController.php(265): SiteController->runActionWithFilters()
#7 /var/www/html/yii/framework/web/CWebApplication.php(282): SiteController->run()
#8 /var/www/html/yii/framework/web/CWebApplication.php(141): CWebApplication->runController()
#9 /var/www/html/yii/framework/base/CApplication.php(180): CWebApplication->processRequest()
#10 /var/www/html/yii/videoclub/index.php(13): CWebApplication->run()
REQUEST_URI=/yii/videoclub/
in /var/www/html/yii/videoclub/protected/views/site/index.php (49)
in /var/www/html/yii/videoclub/protected/controllers/SiteController.php (31)
in /var/www/html/yii/videoclub/index.php (13)
2014/11/08 21:19:34 [error] [php] Undefined variable: role (/var/www/html/yii/videoclub/protected/views/site/index.php:33)
Stack trace:
#0 /var/www/html/yii/framework/web/CController.php(869): SiteController->renderFile()
#1 /var/www/html/yii/framework/web/CController.php(782): SiteController->renderPartial()
#2 /var/www/html/yii/videoclub/protected/controllers/SiteController.php(31): SiteController->render()
#3 /var/www/html/yii/framework/web/actions/CInlineAction.php(49): SiteController->actionIndex()
#4 /var/www/html/yii/framework/web/CController.php(308): CInlineAction->runWithParams()
#5 /var/www/html/yii/framework/web/CController.php(286): SiteController->runAction()
#6 /var/www/html/yii/framework/web/CController.php(265): SiteController->runActionWithFilters()
#7 /var/www/html/yii/framework/web/CWebApplication.php(282): SiteController->run()
#8 /var/www/html/yii/framework/web/CWebApplication.php(141): CWebApplication->runController()
#9 /var/www/html/yii/framework/base/CApplication.php(180): CWebApplication->processRequest()
#10 /var/www/html/yii/videoclub/index.php(13): CWebApplication->run()
REQUEST_URI=/yii/videoclub/index.php?r=site/index
in /var/www/html/yii/videoclub/protected/views/site/index.php (33)
in /var/www/html/yii/videoclub/protected/controllers/SiteController.php (31)
in /var/www/html/yii/videoclub/index.php (13)
2014/11/08 21:23:15 [error] [php] Undefined variable: role (/var/www/html/yii/videoclub/protected/views/site/index.php:33)
Stack trace:
#0 /var/www/html/yii/framework/web/CController.php(869): SiteController->renderFile()
#1 /var/www/html/yii/framework/web/CController.php(782): SiteController->renderPartial()
#2 /var/www/html/yii/videoclub/protected/controllers/SiteController.php(32): SiteController->render()
#3 /var/www/html/yii/framework/web/actions/CInlineAction.php(49): SiteController->actionIndex()
#4 /var/www/html/yii/framework/web/CController.php(308): CInlineAction->runWithParams()
#5 /var/www/html/yii/framework/web/CController.php(286): SiteController->runAction()
#6 /var/www/html/yii/framework/web/CController.php(265): SiteController->runActionWithFilters()
#7 /var/www/html/yii/framework/web/CWebApplication.php(282): SiteController->run()
#8 /var/www/html/yii/framework/web/CWebApplication.php(141): CWebApplication->runController()
#9 /var/www/html/yii/framework/base/CApplication.php(180): CWebApplication->processRequest()
#10 /var/www/html/yii/videoclub/index.php(13): CWebApplication->run()
REQUEST_URI=/yii/videoclub/index.php?r=site/index
in /var/www/html/yii/videoclub/protected/views/site/index.php (33)
in /var/www/html/yii/videoclub/protected/controllers/SiteController.php (32)
in /var/www/html/yii/videoclub/index.php (13)
2014/11/08 21:23:20 [error] [php] Undefined variable: role (/var/www/html/yii/videoclub/protected/views/site/index.php:33)
Stack trace:
#0 /var/www/html/yii/framework/web/CController.php(869): SiteController->renderFile()
#1 /var/www/html/yii/framework/web/CController.php(782): SiteController->renderPartial()
#2 /var/www/html/yii/videoclub/protected/controllers/SiteController.php(32): SiteController->render()
#3 /var/www/html/yii/framework/web/actions/CInlineAction.php(49): SiteController->actionIndex()
#4 /var/www/html/yii/framework/web/CController.php(308): CInlineAction->runWithParams()
#5 /var/www/html/yii/framework/web/CController.php(286): SiteController->runAction()
#6 /var/www/html/yii/framework/web/CController.php(265): SiteController->runActionWithFilters()
#7 /var/www/html/yii/framework/web/CWebApplication.php(282): SiteController->run()
#8 /var/www/html/yii/framework/web/CWebApplication.php(141): CWebApplication->runController()
#9 /var/www/html/yii/framework/base/CApplication.php(180): CWebApplication->processRequest()
#10 /var/www/html/yii/videoclub/index.php(13): CWebApplication->run()
REQUEST_URI=/yii/videoclub/
in /var/www/html/yii/videoclub/protected/views/site/index.php (33)
in /var/www/html/yii/videoclub/protected/controllers/SiteController.php (32)
in /var/www/html/yii/videoclub/index.php (13)
2014/11/08 21:52:23 [error] [php] Undefined variable: role (/var/www/html/yii/videoclub/protected/views/site/index.php:33)
Stack trace:
#0 /var/www/html/yii/framework/web/CController.php(869): SiteController->renderFile()
#1 /var/www/html/yii/framework/web/CController.php(782): SiteController->renderPartial()
#2 /var/www/html/yii/videoclub/protected/controllers/SiteController.php(32): SiteController->render()
#3 /var/www/html/yii/framework/web/actions/CInlineAction.php(49): SiteController->actionIndex()
#4 /var/www/html/yii/framework/web/CController.php(308): CInlineAction->runWithParams()
#5 /var/www/html/yii/framework/web/CController.php(286): SiteController->runAction()
#6 /var/www/html/yii/framework/web/CController.php(265): SiteController->runActionWithFilters()
#7 /var/www/html/yii/framework/web/CWebApplication.php(282): SiteController->run()
#8 /var/www/html/yii/framework/web/CWebApplication.php(141): CWebApplication->runController()
#9 /var/www/html/yii/framework/base/CApplication.php(180): CWebApplication->processRequest()
#10 /var/www/html/yii/videoclub/index.php(13): CWebApplication->run()
REQUEST_URI=/yii/videoclub/index.php?r=site/index
in /var/www/html/yii/videoclub/protected/views/site/index.php (33)
in /var/www/html/yii/videoclub/protected/controllers/SiteController.php (32)
in /var/www/html/yii/videoclub/index.php (13)
2014/11/08 21:52:53 [error] [php] Undefined variable: buscar (/var/www/html/yii/videoclub/protected/views/site/index.php:33)
Stack trace:
#0 /var/www/html/yii/framework/web/CController.php(869): SiteController->renderFile()
#1 /var/www/html/yii/framework/web/CController.php(782): SiteController->renderPartial()
#2 /var/www/html/yii/videoclub/protected/controllers/SiteController.php(32): SiteController->render()
#3 /var/www/html/yii/framework/web/actions/CInlineAction.php(49): SiteController->actionIndex()
#4 /var/www/html/yii/framework/web/CController.php(308): CInlineAction->runWithParams()
#5 /var/www/html/yii/framework/web/CController.php(286): SiteController->runAction()
#6 /var/www/html/yii/framework/web/CController.php(265): SiteController->runActionWithFilters()
#7 /var/www/html/yii/framework/web/CWebApplication.php(282): SiteController->run()
#8 /var/www/html/yii/framework/web/CWebApplication.php(141): CWebApplication->runController()
#9 /var/www/html/yii/framework/base/CApplication.php(180): CWebApplication->processRequest()
#10 /var/www/html/yii/videoclub/index.php(13): CWebApplication->run()
REQUEST_URI=/yii/videoclub/index.php?r=site/index
in /var/www/html/yii/videoclub/protected/views/site/index.php (33)
in /var/www/html/yii/videoclub/protected/controllers/SiteController.php (32)
in /var/www/html/yii/videoclub/index.php (13)
2014/11/08 21:52:54 [error] [php] Undefined variable: buscar (/var/www/html/yii/videoclub/protected/views/site/index.php:33)
Stack trace:
#0 /var/www/html/yii/framework/web/CController.php(869): SiteController->renderFile()
#1 /var/www/html/yii/framework/web/CController.php(782): SiteController->renderPartial()
#2 /var/www/html/yii/videoclub/protected/controllers/SiteController.php(32): SiteController->render()
#3 /var/www/html/yii/framework/web/actions/CInlineAction.php(49): SiteController->actionIndex()
#4 /var/www/html/yii/framework/web/CController.php(308): CInlineAction->runWithParams()
#5 /var/www/html/yii/framework/web/CController.php(286): SiteController->runAction()
#6 /var/www/html/yii/framework/web/CController.php(265): SiteController->runActionWithFilters()
#7 /var/www/html/yii/framework/web/CWebApplication.php(282): SiteController->run()
#8 /var/www/html/yii/framework/web/CWebApplication.php(141): CWebApplication->runController()
#9 /var/www/html/yii/framework/base/CApplication.php(180): CWebApplication->processRequest()
#10 /var/www/html/yii/videoclub/index.php(13): CWebApplication->run()
REQUEST_URI=/yii/videoclub/index.php?r=site/index
in /var/www/html/yii/videoclub/protected/views/site/index.php (33)
in /var/www/html/yii/videoclub/protected/controllers/SiteController.php (32)
in /var/www/html/yii/videoclub/index.php (13)
2014/11/08 21:52:54 [error] [php] Undefined variable: buscar (/var/www/html/yii/videoclub/protected/views/site/index.php:33)
Stack trace:
#0 /var/www/html/yii/framework/web/CController.php(869): SiteController->renderFile()
#1 /var/www/html/yii/framework/web/CController.php(782): SiteController->renderPartial()
#2 /var/www/html/yii/videoclub/protected/controllers/SiteController.php(32): SiteController->render()
#3 /var/www/html/yii/framework/web/actions/CInlineAction.php(49): SiteController->actionIndex()
#4 /var/www/html/yii/framework/web/CController.php(308): CInlineAction->runWithParams()
#5 /var/www/html/yii/framework/web/CController.php(286): SiteController->runAction()
#6 /var/www/html/yii/framework/web/CController.php(265): SiteController->runActionWithFilters()
#7 /var/www/html/yii/framework/web/CWebApplication.php(282): SiteController->run()
#8 /var/www/html/yii/framework/web/CWebApplication.php(141): CWebApplication->runController()
#9 /var/www/html/yii/framework/base/CApplication.php(180): CWebApplication->processRequest()
#10 /var/www/html/yii/videoclub/index.php(13): CWebApplication->run()
REQUEST_URI=/yii/videoclub/index.php?r=site/index
in /var/www/html/yii/videoclub/protected/views/site/index.php (33)
in /var/www/html/yii/videoclub/protected/controllers/SiteController.php (32)
in /var/www/html/yii/videoclub/index.php (13)
2014/11/08 21:53:11 [error] [php] Undefined variable: value (/var/www/html/yii/videoclub/protected/views/site/index.php:33)
Stack trace:
#0 /var/www/html/yii/framework/web/CController.php(869): SiteController->renderFile()
#1 /var/www/html/yii/framework/web/CController.php(782): SiteController->renderPartial()
#2 /var/www/html/yii/videoclub/protected/controllers/SiteController.php(32): SiteController->render()
#3 /var/www/html/yii/framework/web/actions/CInlineAction.php(49): SiteController->actionIndex()
#4 /var/www/html/yii/framework/web/CController.php(308): CInlineAction->runWithParams()
#5 /var/www/html/yii/framework/web/CController.php(286): SiteController->runAction()
#6 /var/www/html/yii/framework/web/CController.php(265): SiteController->runActionWithFilters()
#7 /var/www/html/yii/framework/web/CWebApplication.php(282): SiteController->run()
#8 /var/www/html/yii/framework/web/CWebApplication.php(141): CWebApplication->runController()
#9 /var/www/html/yii/framework/base/CApplication.php(180): CWebApplication->processRequest()
#10 /var/www/html/yii/videoclub/index.php(13): CWebApplication->run()
REQUEST_URI=/yii/videoclub/index.php?r=site/index
in /var/www/html/yii/videoclub/protected/views/site/index.php (33)
in /var/www/html/yii/videoclub/protected/controllers/SiteController.php (32)
in /var/www/html/yii/videoclub/index.php (13)
2014/11/08 21:53:12 [error] [php] Undefined variable: value (/var/www/html/yii/videoclub/protected/views/site/index.php:33)
Stack trace:
#0 /var/www/html/yii/framework/web/CController.php(869): SiteController->renderFile()
#1 /var/www/html/yii/framework/web/CController.php(782): SiteController->renderPartial()
#2 /var/www/html/yii/videoclub/protected/controllers/SiteController.php(32): SiteController->render()
#3 /var/www/html/yii/framework/web/actions/CInlineAction.php(49): SiteController->actionIndex()
#4 /var/www/html/yii/framework/web/CController.php(308): CInlineAction->runWithParams()
#5 /var/www/html/yii/framework/web/CController.php(286): SiteController->runAction()
#6 /var/www/html/yii/framework/web/CController.php(265): SiteController->runActionWithFilters()
#7 /var/www/html/yii/framework/web/CWebApplication.php(282): SiteController->run()
#8 /var/www/html/yii/framework/web/CWebApplication.php(141): CWebApplication->runController()
#9 /var/www/html/yii/framework/base/CApplication.php(180): CWebApplication->processRequest()
#10 /var/www/html/yii/videoclub/index.php(13): CWebApplication->run()
REQUEST_URI=/yii/videoclub/index.php?r=site/index
in /var/www/html/yii/videoclub/protected/views/site/index.php (33)
in /var/www/html/yii/videoclub/protected/controllers/SiteController.php (32)
in /var/www/html/yii/videoclub/index.php (13)
2014/11/08 21:53:12 [error] [php] Undefined variable: value (/var/www/html/yii/videoclub/protected/views/site/index.php:33)
Stack trace:
#0 /var/www/html/yii/framework/web/CController.php(869): SiteController->renderFile()
#1 /var/www/html/yii/framework/web/CController.php(782): SiteController->renderPartial()
#2 /var/www/html/yii/videoclub/protected/controllers/SiteController.php(32): SiteController->render()
#3 /var/www/html/yii/framework/web/actions/CInlineAction.php(49): SiteController->actionIndex()
#4 /var/www/html/yii/framework/web/CController.php(308): CInlineAction->runWithParams()
#5 /var/www/html/yii/framework/web/CController.php(286): SiteController->runAction()
#6 /var/www/html/yii/framework/web/CController.php(265): SiteController->runActionWithFilters()
#7 /var/www/html/yii/framework/web/CWebApplication.php(282): SiteController->run()
#8 /var/www/html/yii/framework/web/CWebApplication.php(141): CWebApplication->runController()
#9 /var/www/html/yii/framework/base/CApplication.php(180): CWebApplication->processRequest()
#10 /var/www/html/yii/videoclub/index.php(13): CWebApplication->run()
REQUEST_URI=/yii/videoclub/index.php?r=site/index
in /var/www/html/yii/videoclub/protected/views/site/index.php (33)
in /var/www/html/yii/videoclub/protected/controllers/SiteController.php (32)
in /var/www/html/yii/videoclub/index.php (13)
2014/11/08 21:53:12 [error] [php] Undefined variable: value (/var/www/html/yii/videoclub/protected/views/site/index.php:33)
Stack trace:
#0 /var/www/html/yii/framework/web/CController.php(869): SiteController->renderFile()
#1 /var/www/html/yii/framework/web/CController.php(782): SiteController->renderPartial()
#2 /var/www/html/yii/videoclub/protected/controllers/SiteController.php(32): SiteController->render()
#3 /var/www/html/yii/framework/web/actions/CInlineAction.php(49): SiteController->actionIndex()
#4 /var/www/html/yii/framework/web/CController.php(308): CInlineAction->runWithParams()
#5 /var/www/html/yii/framework/web/CController.php(286): SiteController->runAction()
#6 /var/www/html/yii/framework/web/CController.php(265): SiteController->runActionWithFilters()
#7 /var/www/html/yii/framework/web/CWebApplication.php(282): SiteController->run()
#8 /var/www/html/yii/framework/web/CWebApplication.php(141): CWebApplication->runController()
#9 /var/www/html/yii/framework/base/CApplication.php(180): CWebApplication->processRequest()
#10 /var/www/html/yii/videoclub/index.php(13): CWebApplication->run()
REQUEST_URI=/yii/videoclub/index.php?r=site/index
in /var/www/html/yii/videoclub/protected/views/site/index.php (33)
in /var/www/html/yii/videoclub/protected/controllers/SiteController.php (32)
in /var/www/html/yii/videoclub/index.php (13)
2014/11/08 21:53:13 [error] [php] Undefined variable: value (/var/www/html/yii/videoclub/protected/views/site/index.php:33)
Stack trace:
#0 /var/www/html/yii/framework/web/CController.php(869): SiteController->renderFile()
#1 /var/www/html/yii/framework/web/CController.php(782): SiteController->renderPartial()
#2 /var/www/html/yii/videoclub/protected/controllers/SiteController.php(32): SiteController->render()
#3 /var/www/html/yii/framework/web/actions/CInlineAction.php(49): SiteController->actionIndex()
#4 /var/www/html/yii/framework/web/CController.php(308): CInlineAction->runWithParams()
#5 /var/www/html/yii/framework/web/CController.php(286): SiteController->runAction()
#6 /var/www/html/yii/framework/web/CController.php(265): SiteController->runActionWithFilters()
#7 /var/www/html/yii/framework/web/CWebApplication.php(282): SiteController->run()
#8 /var/www/html/yii/framework/web/CWebApplication.php(141): CWebApplication->runController()
#9 /var/www/html/yii/framework/base/CApplication.php(180): CWebApplication->processRequest()
#10 /var/www/html/yii/videoclub/index.php(13): CWebApplication->run()
REQUEST_URI=/yii/videoclub/index.php?r=site/index
in /var/www/html/yii/videoclub/protected/views/site/index.php (33)
in /var/www/html/yii/videoclub/protected/controllers/SiteController.php (32)
in /var/www/html/yii/videoclub/index.php (13)
2014/11/08 21:55:00 [error] [php] Undefined variable: value (/var/www/html/yii/videoclub/protected/views/site/index.php:33)
Stack trace:
#0 /var/www/html/yii/framework/web/CController.php(869): SiteController->renderFile()
#1 /var/www/html/yii/framework/web/CController.php(782): SiteController->renderPartial()
#2 /var/www/html/yii/videoclub/protected/controllers/SiteController.php(32): SiteController->render()
#3 /var/www/html/yii/framework/web/actions/CInlineAction.php(49): SiteController->actionIndex()
#4 /var/www/html/yii/framework/web/CController.php(308): CInlineAction->runWithParams()
#5 /var/www/html/yii/framework/web/CController.php(286): SiteController->runAction()
#6 /var/www/html/yii/framework/web/CController.php(265): SiteController->runActionWithFilters()
#7 /var/www/html/yii/framework/web/CWebApplication.php(282): SiteController->run()
#8 /var/www/html/yii/framework/web/CWebApplication.php(141): CWebApplication->runController()
#9 /var/www/html/yii/framework/base/CApplication.php(180): CWebApplication->processRequest()
#10 /var/www/html/yii/videoclub/index.php(13): CWebApplication->run()
REQUEST_URI=/yii/videoclub/index.php?r=site/index
in /var/www/html/yii/videoclub/protected/views/site/index.php (33)
in /var/www/html/yii/videoclub/protected/controllers/SiteController.php (32)
in /var/www/html/yii/videoclub/index.php (13)
2014/11/08 21:55:01 [error] [php] Undefined variable: value (/var/www/html/yii/videoclub/protected/views/site/index.php:33)
Stack trace:
#0 /var/www/html/yii/framework/web/CController.php(869): SiteController->renderFile()
#1 /var/www/html/yii/framework/web/CController.php(782): SiteController->renderPartial()
#2 /var/www/html/yii/videoclub/protected/controllers/SiteController.php(32): SiteController->render()
#3 /var/www/html/yii/framework/web/actions/CInlineAction.php(49): SiteController->actionIndex()
#4 /var/www/html/yii/framework/web/CController.php(308): CInlineAction->runWithParams()
#5 /var/www/html/yii/framework/web/CController.php(286): SiteController->runAction()
#6 /var/www/html/yii/framework/web/CController.php(265): SiteController->runActionWithFilters()
#7 /var/www/html/yii/framework/web/CWebApplication.php(282): SiteController->run()
#8 /var/www/html/yii/framework/web/CWebApplication.php(141): CWebApplication->runController()
#9 /var/www/html/yii/framework/base/CApplication.php(180): CWebApplication->processRequest()
#10 /var/www/html/yii/videoclub/index.php(13): CWebApplication->run()
REQUEST_URI=/yii/videoclub/index.php?r=site/index
in /var/www/html/yii/videoclub/protected/views/site/index.php (33)
in /var/www/html/yii/videoclub/protected/controllers/SiteController.php (32)
in /var/www/html/yii/videoclub/index.php (13)
2014/11/08 21:55:02 [error] [php] Undefined variable: value (/var/www/html/yii/videoclub/protected/views/site/index.php:33)
Stack trace:
#0 /var/www/html/yii/framework/web/CController.php(869): SiteController->renderFile()
#1 /var/www/html/yii/framework/web/CController.php(782): SiteController->renderPartial()
#2 /var/www/html/yii/videoclub/protected/controllers/SiteController.php(32): SiteController->render()
#3 /var/www/html/yii/framework/web/actions/CInlineAction.php(49): SiteController->actionIndex()
#4 /var/www/html/yii/framework/web/CController.php(308): CInlineAction->runWithParams()
#5 /var/www/html/yii/framework/web/CController.php(286): SiteController->runAction()
#6 /var/www/html/yii/framework/web/CController.php(265): SiteController->runActionWithFilters()
#7 /var/www/html/yii/framework/web/CWebApplication.php(282): SiteController->run()
#8 /var/www/html/yii/framework/web/CWebApplication.php(141): CWebApplication->runController()
#9 /var/www/html/yii/framework/base/CApplication.php(180): CWebApplication->processRequest()
#10 /var/www/html/yii/videoclub/index.php(13): CWebApplication->run()
REQUEST_URI=/yii/videoclub/index.php?r=site/index
in /var/www/html/yii/videoclub/protected/views/site/index.php (33)
in /var/www/html/yii/videoclub/protected/controllers/SiteController.php (32)
in /var/www/html/yii/videoclub/index.php (13)
2014/11/08 21:55:02 [error] [php] Undefined variable: value (/var/www/html/yii/videoclub/protected/views/site/index.php:33)
Stack trace:
#0 /var/www/html/yii/framework/web/CController.php(869): SiteController->renderFile()
#1 /var/www/html/yii/framework/web/CController.php(782): SiteController->renderPartial()
#2 /var/www/html/yii/videoclub/protected/controllers/SiteController.php(32): SiteController->render()
#3 /var/www/html/yii/framework/web/actions/CInlineAction.php(49): SiteController->actionIndex()
#4 /var/www/html/yii/framework/web/CController.php(308): CInlineAction->runWithParams()
#5 /var/www/html/yii/framework/web/CController.php(286): SiteController->runAction()
#6 /var/www/html/yii/framework/web/CController.php(265): SiteController->runActionWithFilters()
#7 /var/www/html/yii/framework/web/CWebApplication.php(282): SiteController->run()
#8 /var/www/html/yii/framework/web/CWebApplication.php(141): CWebApplication->runController()
#9 /var/www/html/yii/framework/base/CApplication.php(180): CWebApplication->processRequest()
#10 /var/www/html/yii/videoclub/index.php(13): CWebApplication->run()
REQUEST_URI=/yii/videoclub/index.php?r=site/index
in /var/www/html/yii/videoclub/protected/views/site/index.php (33)
in /var/www/html/yii/videoclub/protected/controllers/SiteController.php (32)
in /var/www/html/yii/videoclub/index.php (13)
2014/11/08 21:55:13 [error] [php] Undefined variable: buscar (/var/www/html/yii/videoclub/protected/views/site/index.php:33)
Stack trace:
#0 /var/www/html/yii/framework/web/CController.php(869): SiteController->renderFile()
#1 /var/www/html/yii/framework/web/CController.php(782): SiteController->renderPartial()
#2 /var/www/html/yii/videoclub/protected/controllers/SiteController.php(32): SiteController->render()
#3 /var/www/html/yii/framework/web/actions/CInlineAction.php(49): SiteController->actionIndex()
#4 /var/www/html/yii/framework/web/CController.php(308): CInlineAction->runWithParams()
#5 /var/www/html/yii/framework/web/CController.php(286): SiteController->runAction()
#6 /var/www/html/yii/framework/web/CController.php(265): SiteController->runActionWithFilters()
#7 /var/www/html/yii/framework/web/CWebApplication.php(282): SiteController->run()
#8 /var/www/html/yii/framework/web/CWebApplication.php(141): CWebApplication->runController()
#9 /var/www/html/yii/framework/base/CApplication.php(180): CWebApplication->processRequest()
#10 /var/www/html/yii/videoclub/index.php(13): CWebApplication->run()
REQUEST_URI=/yii/videoclub/index.php?r=site/index
in /var/www/html/yii/videoclub/protected/views/site/index.php (33)
in /var/www/html/yii/videoclub/protected/controllers/SiteController.php (32)
in /var/www/html/yii/videoclub/index.php (13)
2014/11/08 21:55:14 [error] [php] Undefined variable: buscar (/var/www/html/yii/videoclub/protected/views/site/index.php:33)
Stack trace:
#0 /var/www/html/yii/framework/web/CController.php(869): SiteController->renderFile()
#1 /var/www/html/yii/framework/web/CController.php(782): SiteController->renderPartial()
#2 /var/www/html/yii/videoclub/protected/controllers/SiteController.php(32): SiteController->render()
#3 /var/www/html/yii/framework/web/actions/CInlineAction.php(49): SiteController->actionIndex()
#4 /var/www/html/yii/framework/web/CController.php(308): CInlineAction->runWithParams()
#5 /var/www/html/yii/framework/web/CController.php(286): SiteController->runAction()
#6 /var/www/html/yii/framework/web/CController.php(265): SiteController->runActionWithFilters()
#7 /var/www/html/yii/framework/web/CWebApplication.php(282): SiteController->run()
#8 /var/www/html/yii/framework/web/CWebApplication.php(141): CWebApplication->runController()
#9 /var/www/html/yii/framework/base/CApplication.php(180): CWebApplication->processRequest()
#10 /var/www/html/yii/videoclub/index.php(13): CWebApplication->run()
REQUEST_URI=/yii/videoclub/index.php?r=site/index
in /var/www/html/yii/videoclub/protected/views/site/index.php (33)
in /var/www/html/yii/videoclub/protected/controllers/SiteController.php (32)
in /var/www/html/yii/videoclub/index.php (13)
2014/11/08 21:55:14 [error] [php] Undefined variable: buscar (/var/www/html/yii/videoclub/protected/views/site/index.php:33)
Stack trace:
#0 /var/www/html/yii/framework/web/CController.php(869): SiteController->renderFile()
#1 /var/www/html/yii/framework/web/CController.php(782): SiteController->renderPartial()
#2 /var/www/html/yii/videoclub/protected/controllers/SiteController.php(32): SiteController->render()
#3 /var/www/html/yii/framework/web/actions/CInlineAction.php(49): SiteController->actionIndex()
#4 /var/www/html/yii/framework/web/CController.php(308): CInlineAction->runWithParams()
#5 /var/www/html/yii/framework/web/CController.php(286): SiteController->runAction()
#6 /var/www/html/yii/framework/web/CController.php(265): SiteController->runActionWithFilters()
#7 /var/www/html/yii/framework/web/CWebApplication.php(282): SiteController->run()
#8 /var/www/html/yii/framework/web/CWebApplication.php(141): CWebApplication->runController()
#9 /var/www/html/yii/framework/base/CApplication.php(180): CWebApplication->processRequest()
#10 /var/www/html/yii/videoclub/index.php(13): CWebApplication->run()
REQUEST_URI=/yii/videoclub/index.php?r=site/index
in /var/www/html/yii/videoclub/protected/views/site/index.php (33)
in /var/www/html/yii/videoclub/protected/controllers/SiteController.php (32)
in /var/www/html/yii/videoclub/index.php (13)
2014/11/08 22:05:00 [error] [php] Undefined variable: buscar (/var/www/html/yii/videoclub/protected/views/site/index.php:35)
Stack trace:
#0 /var/www/html/yii/framework/web/CController.php(869): SiteController->renderFile()
#1 /var/www/html/yii/framework/web/CController.php(782): SiteController->renderPartial()
#2 /var/www/html/yii/videoclub/protected/controllers/SiteController.php(32): SiteController->render()
#3 /var/www/html/yii/framework/web/actions/CInlineAction.php(49): SiteController->actionIndex()
#4 /var/www/html/yii/framework/web/CController.php(308): CInlineAction->runWithParams()
#5 /var/www/html/yii/framework/web/CController.php(286): SiteController->runAction()
#6 /var/www/html/yii/framework/web/CController.php(265): SiteController->runActionWithFilters()
#7 /var/www/html/yii/framework/web/CWebApplication.php(282): SiteController->run()
#8 /var/www/html/yii/framework/web/CWebApplication.php(141): CWebApplication->runController()
#9 /var/www/html/yii/framework/base/CApplication.php(180): CWebApplication->processRequest()
#10 /var/www/html/yii/videoclub/index.php(13): CWebApplication->run()
REQUEST_URI=/yii/videoclub/index.php?r=site/index
in /var/www/html/yii/videoclub/protected/views/site/index.php (35)
in /var/www/html/yii/videoclub/protected/controllers/SiteController.php (32)
in /var/www/html/yii/videoclub/index.php (13)
2014/11/08 23:35:34 [error] [php] Undefined variable: msg (/var/www/html/yii/videoclub/protected/views/site/index.php:40)
Stack trace:
#0 /var/www/html/yii/framework/web/CController.php(869): SiteController->renderFile()
#1 /var/www/html/yii/framework/web/CController.php(782): SiteController->renderPartial()
#2 /var/www/html/yii/videoclub/protected/controllers/SiteController.php(35): SiteController->render()
#3 /var/www/html/yii/framework/web/actions/CInlineAction.php(49): SiteController->actionIndex()
#4 /var/www/html/yii/framework/web/CController.php(308): CInlineAction->runWithParams()
#5 /var/www/html/yii/framework/web/CController.php(286): SiteController->runAction()
#6 /var/www/html/yii/framework/web/CController.php(265): SiteController->runActionWithFilters()
#7 /var/www/html/yii/framework/web/CWebApplication.php(282): SiteController->run()
#8 /var/www/html/yii/framework/web/CWebApplication.php(141): CWebApplication->runController()
#9 /var/www/html/yii/framework/base/CApplication.php(180): CWebApplication->processRequest()
#10 /var/www/html/yii/videoclub/index.php(13): CWebApplication->run()
REQUEST_URI=/yii/videoclub/index.php?r=site/index
in /var/www/html/yii/videoclub/protected/views/site/index.php (40)
in /var/www/html/yii/videoclub/protected/controllers/SiteController.php (35)
in /var/www/html/yii/videoclub/index.php (13)
2014/11/08 23:49:56 [error] [php] Object of class BuscarPeliculaForm could not be converted to string (/var/www/html/yii/videoclub/protected/controllers/SiteController.php:39)
Stack trace:
#0 /var/www/html/yii/framework/web/CController.php(286): SiteController->runAction()
#1 /var/www/html/yii/framework/web/CController.php(265): SiteController->runActionWithFilters()
#2 /var/www/html/yii/framework/web/CWebApplication.php(282): SiteController->run()
#3 /var/www/html/yii/framework/web/CWebApplication.php(141): CWebApplication->runController()
#4 /var/www/html/yii/framework/base/CApplication.php(180): CWebApplication->processRequest()
#5 /var/www/html/yii/videoclub/index.php(13): CWebApplication->run()
REQUEST_URI=/yii/videoclub/
in /var/www/html/yii/videoclub/protected/controllers/SiteController.php (39)
in /var/www/html/yii/videoclub/index.php (13)
2014/11/09 00:08:11 [warning] [application] Failed to set unsafe attribute "param" of "BuscarPeliculaForm".
in /var/www/html/yii/videoclub/protected/controllers/SiteController.php (34)
in /var/www/html/yii/videoclub/index.php (13)
2014/11/09 00:38:17 [error] [system.db.CDbCommand] Error in preparing SQL: SELECT * FROM 'pelicula' 't' WHERE nombre
in /var/www/html/yii/videoclub/protected/controllers/SiteController.php (39)
in /var/www/html/yii/videoclub/index.php (13)
2014/11/09 00:38:17 [error] [exception.CDbException] exception 'CDbException' with message 'CDbCommand failed to prepare the SQL statement: SQLSTATE[HY000]: General error: 1 no such column: nombre' in /var/www/html/yii/framework/db/CDbCommand.php:218
Stack trace:
#0 /var/www/html/yii/framework/db/CDbCommand.php(273): CDbCommand->prepare()
#1 /var/www/html/yii/framework/db/schema/CDbCommandBuilder.php(557): CDbCommand->bindValue(1, 'p')
#2 /var/www/html/yii/framework/db/schema/CDbCommandBuilder.php(100): CDbCommandBuilder->bindValues(Object(CDbCommand), 'pulp fiction')
#3 /var/www/html/yii/framework/db/ar/CActiveRecord.php(1350): CDbCommandBuilder->createFindCommand(Object(CDbTableSchema), Object(CDbCriteria), 't')
#4 /var/www/html/yii/framework/db/ar/CActiveRecord.php(1470): CActiveRecord->query(Object(CDbCriteria), true)
#5 /var/www/html/yii/videoclub/protected/controllers/SiteController.php(39): CActiveRecord->findAll('nombre', 'pulp fiction')
#6 /var/www/html/yii/framework/web/actions/CInlineAction.php(49): SiteController->actionIndex()
#7 /var/www/html/yii/framework/web/CController.php(308): CInlineAction->runWithParams(Array)
#8 /var/www/html/yii/framework/web/CController.php(286): CController->runAction(Object(CInlineAction))
#9 /var/www/html/yii/framework/web/CController.php(265): CController->runActionWithFilters(Object(CInlineAction), Array)
#10 /var/www/html/yii/framework/web/CWebApplication.php(282): CController->run('')
#11 /var/www/html/yii/framework/web/CWebApplication.php(141): CWebApplication->runController('')
#12 /var/www/html/yii/framework/base/CApplication.php(180): CWebApplication->processRequest()
#13 /var/www/html/yii/videoclub/index.php(13): CApplication->run()
#14 {main}
REQUEST_URI=/yii/videoclub/
HTTP_REFERER=http://localhost/yii/videoclub/
---
2014/11/09 00:38:40 [error] [system.db.CDbCommand] Error in preparing SQL: SELECT * FROM 'pelicula' 't' WHERE nombre
in /var/www/html/yii/videoclub/protected/controllers/SiteController.php (39)
in /var/www/html/yii/videoclub/index.php (13)
2014/11/09 00:38:40 [error] [exception.CDbException] exception 'CDbException' with message 'CDbCommand failed to prepare the SQL statement: SQLSTATE[HY000]: General error: 1 no such column: nombre' in /var/www/html/yii/framework/db/CDbCommand.php:218
Stack trace:
#0 /var/www/html/yii/framework/db/CDbCommand.php(273): CDbCommand->prepare()
#1 /var/www/html/yii/framework/db/schema/CDbCommandBuilder.php(557): CDbCommand->bindValue(1, 'p')
#2 /var/www/html/yii/framework/db/schema/CDbCommandBuilder.php(100): CDbCommandBuilder->bindValues(Object(CDbCommand), 'pulp fiction')
#3 /var/www/html/yii/framework/db/ar/CActiveRecord.php(1350): CDbCommandBuilder->createFindCommand(Object(CDbTableSchema), Object(CDbCriteria), 't')
#4 /var/www/html/yii/framework/db/ar/CActiveRecord.php(1470): CActiveRecord->query(Object(CDbCriteria), true)
#5 /var/www/html/yii/videoclub/protected/controllers/SiteController.php(39): CActiveRecord->findAll('nombre', 'pulp fiction')
#6 /var/www/html/yii/framework/web/actions/CInlineAction.php(49): SiteController->actionIndex()
#7 /var/www/html/yii/framework/web/CController.php(308): CInlineAction->runWithParams(Array)
#8 /var/www/html/yii/framework/web/CController.php(286): CController->runAction(Object(CInlineAction))
#9 /var/www/html/yii/framework/web/CController.php(265): CController->runActionWithFilters(Object(CInlineAction), Array)
#10 /var/www/html/yii/framework/web/CWebApplication.php(282): CController->run('')
#11 /var/www/html/yii/framework/web/CWebApplication.php(141): CWebApplication->runController('')
#12 /var/www/html/yii/framework/base/CApplication.php(180): CWebApplication->processRequest()
#13 /var/www/html/yii/videoclub/index.php(13): CApplication->run()
#14 {main}
REQUEST_URI=/yii/videoclub/
HTTP_REFERER=http://localhost/yii/videoclub/
---
2014/11/09 00:38:49 [error] [system.db.CDbCommand] Error in preparing SQL: SELECT * FROM 'pelicula' 't' WHERE nombre
in /var/www/html/yii/videoclub/protected/controllers/SiteController.php (39)
in /var/www/html/yii/videoclub/index.php (13)
2014/11/09 00:38:49 [error] [exception.CDbException] exception 'CDbException' with message 'CDbCommand failed to prepare the SQL statement: SQLSTATE[HY000]: General error: 1 no such column: nombre' in /var/www/html/yii/framework/db/CDbCommand.php:218
Stack trace:
#0 /var/www/html/yii/framework/db/CDbCommand.php(273): CDbCommand->prepare()
#1 /var/www/html/yii/framework/db/schema/CDbCommandBuilder.php(557): CDbCommand->bindValue(1, 'p')
#2 /var/www/html/yii/framework/db/schema/CDbCommandBuilder.php(100): CDbCommandBuilder->bindValues(Object(CDbCommand), 'pulp fiction')
#3 /var/www/html/yii/framework/db/ar/CActiveRecord.php(1350): CDbCommandBuilder->createFindCommand(Object(CDbTableSchema), Object(CDbCriteria), 't')
#4 /var/www/html/yii/framework/db/ar/CActiveRecord.php(1470): CActiveRecord->query(Object(CDbCriteria), true)
#5 /var/www/html/yii/videoclub/protected/controllers/SiteController.php(39): CActiveRecord->findAll('nombre', 'pulp fiction')
#6 /var/www/html/yii/framework/web/actions/CInlineAction.php(49): SiteController->actionIndex()
#7 /var/www/html/yii/framework/web/CController.php(308): CInlineAction->runWithParams(Array)
#8 /var/www/html/yii/framework/web/CController.php(286): CController->runAction(Object(CInlineAction))
#9 /var/www/html/yii/framework/web/CController.php(265): CController->runActionWithFilters(Object(CInlineAction), Array)
#10 /var/www/html/yii/framework/web/CWebApplication.php(282): CController->run('')
#11 /var/www/html/yii/framework/web/CWebApplication.php(141): CWebApplication->runController('')
#12 /var/www/html/yii/framework/base/CApplication.php(180): CWebApplication->processRequest()
#13 /var/www/html/yii/videoclub/index.php(13): CApplication->run()
#14 {main}
REQUEST_URI=/yii/videoclub/
HTTP_REFERER=http://localhost/yii/videoclub/
---
2014/11/09 00:39:04 [error] [system.db.CDbCommand] Error in preparing SQL: SELECT * FROM 'pelicula' 't' WHERE nombre
in /var/www/html/yii/videoclub/protected/controllers/SiteController.php (39)
in /var/www/html/yii/videoclub/index.php (13)
2014/11/09 00:39:04 [error] [exception.CDbException] exception 'CDbException' with message 'CDbCommand failed to prepare the SQL statement: SQLSTATE[HY000]: General error: 1 no such column: nombre' in /var/www/html/yii/framework/db/CDbCommand.php:218
Stack trace:
#0 /var/www/html/yii/framework/db/CDbCommand.php(273): CDbCommand->prepare()
#1 /var/www/html/yii/framework/db/schema/CDbCommandBuilder.php(557): CDbCommand->bindValue(1, 'p')
#2 /var/www/html/yii/framework/db/schema/CDbCommandBuilder.php(100): CDbCommandBuilder->bindValues(Object(CDbCommand), 'pulp fiction')
#3 /var/www/html/yii/framework/db/ar/CActiveRecord.php(1350): CDbCommandBuilder->createFindCommand(Object(CDbTableSchema), Object(CDbCriteria), 't')
#4 /var/www/html/yii/framework/db/ar/CActiveRecord.php(1470): CActiveRecord->query(Object(CDbCriteria), true)
#5 /var/www/html/yii/videoclub/protected/controllers/SiteController.php(39): CActiveRecord->findAll('nombre', 'pulp fiction')
#6 /var/www/html/yii/framework/web/actions/CInlineAction.php(49): SiteController->actionIndex()
#7 /var/www/html/yii/framework/web/CController.php(308): CInlineAction->runWithParams(Array)
#8 /var/www/html/yii/framework/web/CController.php(286): CController->runAction(Object(CInlineAction))
#9 /var/www/html/yii/framework/web/CController.php(265): CController->runActionWithFilters(Object(CInlineAction), Array)
#10 /var/www/html/yii/framework/web/CWebApplication.php(282): CController->run('')
#11 /var/www/html/yii/framework/web/CWebApplication.php(141): CWebApplication->runController('')
#12 /var/www/html/yii/framework/base/CApplication.php(180): CWebApplication->processRequest()
#13 /var/www/html/yii/videoclub/index.php(13): CApplication->run()
#14 {main}
REQUEST_URI=/yii/videoclub/
HTTP_REFERER=http://localhost/yii/videoclub/
---
2014/11/09 00:39:11 [error] [system.db.CDbCommand] CDbCommand::fetchAll() failed: SQLSTATE[HY000]: General error: 25 bind or column index out of range. The SQL statement executed was: SELECT * FROM 'pelicula' 't' WHERE titulo.
in /var/www/html/yii/videoclub/protected/controllers/SiteController.php (39)
in /var/www/html/yii/videoclub/index.php (13)
2014/11/09 00:39:11 [error] [exception.CDbException] exception 'CDbException' with message 'CDbCommand failed to execute the SQL statement: SQLSTATE[HY000]: General error: 25 bind or column index out of range. The SQL statement executed was: SELECT * FROM 'pelicula' 't' WHERE titulo' in /var/www/html/yii/framework/db/CDbCommand.php:543
Stack trace:
#0 /var/www/html/yii/framework/db/CDbCommand.php(396): CDbCommand->queryInternal('fetchAll', Array, Array)
#1 /var/www/html/yii/framework/db/ar/CActiveRecord.php(1351): CDbCommand->queryAll()
#2 /var/www/html/yii/framework/db/ar/CActiveRecord.php(1470): CActiveRecord->query(Object(CDbCriteria), true)
#3 /var/www/html/yii/videoclub/protected/controllers/SiteController.php(39): CActiveRecord->findAll('titulo', 'pulp fiction')
#4 /var/www/html/yii/framework/web/actions/CInlineAction.php(49): SiteController->actionIndex()
#5 /var/www/html/yii/framework/web/CController.php(308): CInlineAction->runWithParams(Array)
#6 /var/www/html/yii/framework/web/CController.php(286): CController->runAction(Object(CInlineAction))
#7 /var/www/html/yii/framework/web/CController.php(265): CController->runActionWithFilters(Object(CInlineAction), Array)
#8 /var/www/html/yii/framework/web/CWebApplication.php(282): CController->run('')
#9 /var/www/html/yii/framework/web/CWebApplication.php(141): CWebApplication->runController('')
#10 /var/www/html/yii/framework/base/CApplication.php(180): CWebApplication->processRequest()
#11 /var/www/html/yii/videoclub/index.php(13): CApplication->run()
#12 {main}
REQUEST_URI=/yii/videoclub/
HTTP_REFERER=http://localhost/yii/videoclub/
---
2014/11/09 00:40:17 [error] [system.db.CDbCommand] Error in preparing SQL: SELECT * FROM 'pelicula' 't' WHERE LIKE
in /var/www/html/yii/videoclub/protected/controllers/SiteController.php (39)
in /var/www/html/yii/videoclub/index.php (13)
2014/11/09 00:40:17 [error] [exception.CDbException] exception 'CDbException' with message 'CDbCommand failed to prepare the SQL statement: SQLSTATE[HY000]: General error: 1 no such column: LIKE' in /var/www/html/yii/framework/db/CDbCommand.php:218
Stack trace:
#0 /var/www/html/yii/framework/db/CDbCommand.php(273): CDbCommand->prepare()
#1 /var/www/html/yii/framework/db/schema/CDbCommandBuilder.php(557): CDbCommand->bindValue(1, '%')
#2 /var/www/html/yii/framework/db/schema/CDbCommandBuilder.php(100): CDbCommandBuilder->bindValues(Object(CDbCommand), '%titulo%')
#3 /var/www/html/yii/framework/db/ar/CActiveRecord.php(1350): CDbCommandBuilder->createFindCommand(Object(CDbTableSchema), Object(CDbCriteria), 't')
#4 /var/www/html/yii/framework/db/ar/CActiveRecord.php(1470): CActiveRecord->query(Object(CDbCriteria), true)
#5 /var/www/html/yii/videoclub/protected/controllers/SiteController.php(39): CActiveRecord->findAll('LIKE', '%titulo%', 'pulp fiction')
#6 /var/www/html/yii/framework/web/actions/CInlineAction.php(49): SiteController->actionIndex()
#7 /var/www/html/yii/framework/web/CController.php(308): CInlineAction->runWithParams(Array)
#8 /var/www/html/yii/framework/web/CController.php(286): CController->runAction(Object(CInlineAction))
#9 /var/www/html/yii/framework/web/CController.php(265): CController->runActionWithFilters(Object(CInlineAction), Array)
#10 /var/www/html/yii/framework/web/CWebApplication.php(282): CController->run('')
#11 /var/www/html/yii/framework/web/CWebApplication.php(141): CWebApplication->runController('')
#12 /var/www/html/yii/framework/base/CApplication.php(180): CWebApplication->processRequest()
#13 /var/www/html/yii/videoclub/index.php(13): CApplication->run()
#14 {main}
REQUEST_URI=/yii/videoclub/
HTTP_REFERER=http://localhost/yii/videoclub/
---
2014/11/09 00:42:33 [error] [system.db.CDbCommand] Error in preparing SQL: SELECT * FROM 'pelicula' 't' WHERE titulo LIKE %
in /var/www/html/yii/videoclub/protected/controllers/SiteController.php (39)
in /var/www/html/yii/videoclub/index.php (13)
2014/11/09 00:42:33 [error] [exception.CDbException] exception 'CDbException' with message 'CDbCommand failed to prepare the SQL statement: SQLSTATE[HY000]: General error: 1 near "%": syntax error' in /var/www/html/yii/framework/db/CDbCommand.php:218
Stack trace:
#0 /var/www/html/yii/framework/db/CDbCommand.php(273): CDbCommand->prepare()
#1 /var/www/html/yii/framework/db/schema/CDbCommandBuilder.php(557): CDbCommand->bindValue(1, 'p')
#2 /var/www/html/yii/framework/db/schema/CDbCommandBuilder.php(100): CDbCommandBuilder->bindValues(Object(CDbCommand), 'pulp fiction%')
#3 /var/www/html/yii/framework/db/ar/CActiveRecord.php(1350): CDbCommandBuilder->createFindCommand(Object(CDbTableSchema), Object(CDbCriteria), 't')
#4 /var/www/html/yii/framework/db/ar/CActiveRecord.php(1470): CActiveRecord->query(Object(CDbCriteria), true)
#5 /var/www/html/yii/videoclub/protected/controllers/SiteController.php(39): CActiveRecord->findAll('titulo LIKE %', 'pulp fiction%')
#6 /var/www/html/yii/framework/web/actions/CInlineAction.php(49): SiteController->actionIndex()
#7 /var/www/html/yii/framework/web/CController.php(308): CInlineAction->runWithParams(Array)
#8 /var/www/html/yii/framework/web/CController.php(286): CController->runAction(Object(CInlineAction))
#9 /var/www/html/yii/framework/web/CController.php(265): CController->runActionWithFilters(Object(CInlineAction), Array)
#10 /var/www/html/yii/framework/web/CWebApplication.php(282): CController->run('')
#11 /var/www/html/yii/framework/web/CWebApplication.php(141): CWebApplication->runController('')
#12 /var/www/html/yii/framework/base/CApplication.php(180): CWebApplication->processRequest()
#13 /var/www/html/yii/videoclub/index.php(13): CApplication->run()
#14 {main}
REQUEST_URI=/yii/videoclub/
HTTP_REFERER=http://localhost/yii/videoclub/
---
2014/11/09 00:42:57 [error] [system.db.CDbCommand] Error in preparing SQL: SELECT * FROM 'pelicula' 't' WHERE titulo LIKE 
in /var/www/html/yii/videoclub/protected/controllers/SiteController.php (39)
in /var/www/html/yii/videoclub/index.php (13)
2014/11/09 00:42:57 [error] [exception.CDbException] exception 'CDbException' with message 'CDbCommand failed to prepare the SQL statement: SQLSTATE[HY000]: General error: 1 near " ": syntax error' in /var/www/html/yii/framework/db/CDbCommand.php:218
Stack trace:
#0 /var/www/html/yii/framework/db/CDbCommand.php(273): CDbCommand->prepare()
#1 /var/www/html/yii/framework/db/schema/CDbCommandBuilder.php(557): CDbCommand->bindValue(1, 'p')
#2 /var/www/html/yii/framework/db/schema/CDbCommandBuilder.php(100): CDbCommandBuilder->bindValues(Object(CDbCommand), 'pulp fiction')
#3 /var/www/html/yii/framework/db/ar/CActiveRecord.php(1350): CDbCommandBuilder->createFindCommand(Object(CDbTableSchema), Object(CDbCriteria), 't')
#4 /var/www/html/yii/framework/db/ar/CActiveRecord.php(1470): CActiveRecord->query(Object(CDbCriteria), true)
#5 /var/www/html/yii/videoclub/protected/controllers/SiteController.php(39): CActiveRecord->findAll('titulo LIKE ', 'pulp fiction')
#6 /var/www/html/yii/framework/web/actions/CInlineAction.php(49): SiteController->actionIndex()
#7 /var/www/html/yii/framework/web/CController.php(308): CInlineAction->runWithParams(Array)
#8 /var/www/html/yii/framework/web/CController.php(286): CController->runAction(Object(CInlineAction))
#9 /var/www/html/yii/framework/web/CController.php(265): CController->runActionWithFilters(Object(CInlineAction), Array)
#10 /var/www/html/yii/framework/web/CWebApplication.php(282): CController->run('')
#11 /var/www/html/yii/framework/web/CWebApplication.php(141): CWebApplication->runController('')
#12 /var/www/html/yii/framework/base/CApplication.php(180): CWebApplication->processRequest()
#13 /var/www/html/yii/videoclub/index.php(13): CApplication->run()
#14 {main}
REQUEST_URI=/yii/videoclub/
HTTP_REFERER=http://localhost/yii/videoclub/
---
2014/11/09 00:43:09 [error] [system.db.CDbCommand] Error in preparing SQL: SELECT * FROM 'pelicula' 't' WHERE titulo LIKE 
in /var/www/html/yii/videoclub/protected/controllers/SiteController.php (39)
in /var/www/html/yii/videoclub/index.php (13)
2014/11/09 00:43:09 [error] [exception.CDbException] exception 'CDbException' with message 'CDbCommand failed to prepare the SQL statement: SQLSTATE[HY000]: General error: 1 near " ": syntax error' in /var/www/html/yii/framework/db/CDbCommand.php:218
Stack trace:
#0 /var/www/html/yii/framework/db/CDbCommand.php(273): CDbCommand->prepare()
#1 /var/www/html/yii/framework/db/schema/CDbCommandBuilder.php(557): CDbCommand->bindValue(1, 'p')
#2 /var/www/html/yii/framework/db/schema/CDbCommandBuilder.php(100): CDbCommandBuilder->bindValues(Object(CDbCommand), 'pulp fiction')
#3 /var/www/html/yii/framework/db/ar/CActiveRecord.php(1350): CDbCommandBuilder->createFindCommand(Object(CDbTableSchema), Object(CDbCriteria), 't')
#4 /var/www/html/yii/framework/db/ar/CActiveRecord.php(1470): CActiveRecord->query(Object(CDbCriteria), true)
#5 /var/www/html/yii/videoclub/protected/controllers/SiteController.php(39): CActiveRecord->findAll('titulo LIKE ', 'pulp fiction')
#6 /var/www/html/yii/framework/web/actions/CInlineAction.php(49): SiteController->actionIndex()
#7 /var/www/html/yii/framework/web/CController.php(308): CInlineAction->runWithParams(Array)
#8 /var/www/html/yii/framework/web/CController.php(286): CController->runAction(Object(CInlineAction))
#9 /var/www/html/yii/framework/web/CController.php(265): CController->runActionWithFilters(Object(CInlineAction), Array)
#10 /var/www/html/yii/framework/web/CWebApplication.php(282): CController->run('')
#11 /var/www/html/yii/framework/web/CWebApplication.php(141): CWebApplication->runController('')
#12 /var/www/html/yii/framework/base/CApplication.php(180): CWebApplication->processRequest()
#13 /var/www/html/yii/videoclub/index.php(13): CApplication->run()
#14 {main}
REQUEST_URI=/yii/videoclub/
HTTP_REFERER=http://localhost/yii/videoclub/
---
2014/11/09 00:43:34 [error] [system.db.CDbCommand] Error in preparing SQL: SELECT * FROM 'pelicula' 't' WHERE titulo LIKE 
in /var/www/html/yii/videoclub/protected/controllers/SiteController.php (39)
in /var/www/html/yii/videoclub/index.php (13)
2014/11/09 00:43:34 [error] [exception.CDbException] exception 'CDbException' with message 'CDbCommand failed to prepare the SQL statement: SQLSTATE[HY000]: General error: 1 near " ": syntax error' in /var/www/html/yii/framework/db/CDbCommand.php:218
Stack trace:
#0 /var/www/html/yii/framework/db/CDbCommand.php(273): CDbCommand->prepare()
#1 /var/www/html/yii/framework/db/schema/CDbCommandBuilder.php(557): CDbCommand->bindValue(1, 'p')
#2 /var/www/html/yii/framework/db/schema/CDbCommandBuilder.php(100): CDbCommandBuilder->bindValues(Object(CDbCommand), 'pulp fiction')
#3 /var/www/html/yii/framework/db/ar/CActiveRecord.php(1350): CDbCommandBuilder->createFindCommand(Object(CDbTableSchema), Object(CDbCriteria), 't')
#4 /var/www/html/yii/framework/db/ar/CActiveRecord.php(1470): CActiveRecord->query(Object(CDbCriteria), true)
#5 /var/www/html/yii/videoclub/protected/controllers/SiteController.php(39): CActiveRecord->findAll('titulo LIKE ', 'pulp fiction')
#6 /var/www/html/yii/framework/web/actions/CInlineAction.php(49): SiteController->actionIndex()
#7 /var/www/html/yii/framework/web/CController.php(308): CInlineAction->runWithParams(Array)
#8 /var/www/html/yii/framework/web/CController.php(286): CController->runAction(Object(CInlineAction))
#9 /var/www/html/yii/framework/web/CController.php(265): CController->runActionWithFilters(Object(CInlineAction), Array)
#10 /var/www/html/yii/framework/web/CWebApplication.php(282): CController->run('')
#11 /var/www/html/yii/framework/web/CWebApplication.php(141): CWebApplication->runController('')
#12 /var/www/html/yii/framework/base/CApplication.php(180): CWebApplication->processRequest()
#13 /var/www/html/yii/videoclub/index.php(13): CApplication->run()
#14 {main}
REQUEST_URI=/yii/videoclub/
HTTP_REFERER=http://localhost/yii/videoclub/
---
2014/11/09 00:43:55 [error] [system.db.CDbCommand] Error in preparing SQL: SELECT * FROM 'pelicula' 't' WHERE titulo = 
in /var/www/html/yii/videoclub/protected/controllers/SiteController.php (39)
in /var/www/html/yii/videoclub/index.php (13)
2014/11/09 00:43:55 [error] [exception.CDbException] exception 'CDbException' with message 'CDbCommand failed to prepare the SQL statement: SQLSTATE[HY000]: General error: 1 near " ": syntax error' in /var/www/html/yii/framework/db/CDbCommand.php:218
Stack trace:
#0 /var/www/html/yii/framework/db/CDbCommand.php(273): CDbCommand->prepare()
#1 /var/www/html/yii/framework/db/schema/CDbCommandBuilder.php(557): CDbCommand->bindValue(1, 'p')
#2 /var/www/html/yii/framework/db/schema/CDbCommandBuilder.php(100): CDbCommandBuilder->bindValues(Object(CDbCommand), 'pulp fiction')
#3 /var/www/html/yii/framework/db/ar/CActiveRecord.php(1350): CDbCommandBuilder->createFindCommand(Object(CDbTableSchema), Object(CDbCriteria), 't')
#4 /var/www/html/yii/framework/db/ar/CActiveRecord.php(1470): CActiveRecord->query(Object(CDbCriteria), true)
#5 /var/www/html/yii/videoclub/protected/controllers/SiteController.php(39): CActiveRecord->findAll('titulo = ', 'pulp fiction')
#6 /var/www/html/yii/framework/web/actions/CInlineAction.php(49): SiteController->actionIndex()
#7 /var/www/html/yii/framework/web/CController.php(308): CInlineAction->runWithParams(Array)
#8 /var/www/html/yii/framework/web/CController.php(286): CController->runAction(Object(CInlineAction))
#9 /var/www/html/yii/framework/web/CController.php(265): CController->runActionWithFilters(Object(CInlineAction), Array)
#10 /var/www/html/yii/framework/web/CWebApplication.php(282): CController->run('')
#11 /var/www/html/yii/framework/web/CWebApplication.php(141): CWebApplication->runController('')
#12 /var/www/html/yii/framework/base/CApplication.php(180): CWebApplication->processRequest()
#13 /var/www/html/yii/videoclub/index.php(13): CApplication->run()
#14 {main}
REQUEST_URI=/yii/videoclub/
HTTP_REFERER=http://localhost/yii/videoclub/
---
2014/11/09 00:44:01 [error] [system.db.CDbCommand] Error in preparing SQL: SELECT * FROM 'pelicula' 't' WHERE titulo = 
in /var/www/html/yii/videoclub/protected/controllers/SiteController.php (39)
in /var/www/html/yii/videoclub/index.php (13)
2014/11/09 00:44:01 [error] [exception.CDbException] exception 'CDbException' with message 'CDbCommand failed to prepare the SQL statement: SQLSTATE[HY000]: General error: 1 near " ": syntax error' in /var/www/html/yii/framework/db/CDbCommand.php:218
Stack trace:
#0 /var/www/html/yii/framework/db/CDbCommand.php(273): CDbCommand->prepare()
#1 /var/www/html/yii/framework/db/schema/CDbCommandBuilder.php(557): CDbCommand->bindValue(1, 'p')
#2 /var/www/html/yii/framework/db/schema/CDbCommandBuilder.php(100): CDbCommandBuilder->bindValues(Object(CDbCommand), 'pulp fiction')
#3 /var/www/html/yii/framework/db/ar/CActiveRecord.php(1350): CDbCommandBuilder->createFindCommand(Object(CDbTableSchema), Object(CDbCriteria), 't')
#4 /var/www/html/yii/framework/db/ar/CActiveRecord.php(1470): CActiveRecord->query(Object(CDbCriteria), true)
#5 /var/www/html/yii/videoclub/protected/controllers/SiteController.php(39): CActiveRecord->findAll('titulo = ', 'pulp fiction')
#6 /var/www/html/yii/framework/web/actions/CInlineAction.php(49): SiteController->actionIndex()
#7 /var/www/html/yii/framework/web/CController.php(308): CInlineAction->runWithParams(Array)
#8 /var/www/html/yii/framework/web/CController.php(286): CController->runAction(Object(CInlineAction))
#9 /var/www/html/yii/framework/web/CController.php(265): CController->runActionWithFilters(Object(CInlineAction), Array)
#10 /var/www/html/yii/framework/web/CWebApplication.php(282): CController->run('')
#11 /var/www/html/yii/framework/web/CWebApplication.php(141): CWebApplication->runController('')
#12 /var/www/html/yii/framework/base/CApplication.php(180): CWebApplication->processRequest()
#13 /var/www/html/yii/videoclub/index.php(13): CApplication->run()
#14 {main}
REQUEST_URI=/yii/videoclub/
HTTP_REFERER=http://localhost/yii/videoclub/
---
