2015/12/24 18:30:31 [error] [system.db.CDbCommand] CDbCommand::execute() failed: SQLSTATE[23000]: Integrity constraint violation: 1452 Cannot add or update a child row: a foreign key constraint fails (`videoclub`.`director`, CONSTRAINT `FKdirector795326` FOREIGN KEY (`personaid`) REFERENCES `persona` (`id`)). The SQL statement executed was: INSERT INTO `director` (`personaid`) VALUES (:yp0).
in C:\wamp\www\yii\Facilito\protected\controllers\DirectorController.php (73)
in C:\wamp\www\yii\Facilito\index.php (13)
2015/12/24 18:30:31 [error] [exception.CDbException] exception 'CDbException' with message 'CDbCommand failed to execute the SQL statement: SQLSTATE[23000]: Integrity constraint violation: 1452 Cannot add or update a child row: a foreign key constraint fails (`videoclub`.`director`, CONSTRAINT `FKdirector795326` FOREIGN KEY (`personaid`) REFERENCES `persona` (`id`)). The SQL statement executed was: INSERT INTO `director` (`personaid`) VALUES (:yp0)' in C:\wamp\www\yii\framework\db\CDbCommand.php:358
Stack trace:
#0 C:\wamp\www\yii\framework\db\ar\CActiveRecord.php(1080): CDbCommand->execute()
#1 C:\wamp\www\yii\framework\db\ar\CActiveRecord.php(809): CActiveRecord->insert(NULL)
#2 C:\wamp\www\yii\Facilito\protected\controllers\DirectorController.php(73): CActiveRecord->save()
#3 C:\wamp\www\yii\framework\web\actions\CInlineAction.php(49): DirectorController->actionCreate()
#4 C:\wamp\www\yii\framework\web\CController.php(308): CInlineAction->runWithParams(Array)
#5 C:\wamp\www\yii\framework\web\filters\CFilterChain.php(133): CController->runAction(Object(CInlineAction))
#6 C:\wamp\www\yii\framework\web\filters\CFilter.php(40): CFilterChain->run()
#7 C:\wamp\www\yii\framework\web\CController.php(1145): CFilter->filter(Object(CFilterChain))
#8 C:\wamp\www\yii\framework\web\filters\CInlineFilter.php(58): CController->filterAccessControl(Object(CFilterChain))
#9 C:\wamp\www\yii\framework\web\filters\CFilterChain.php(130): CInlineFilter->filter(Object(CFilterChain))
#10 C:\wamp\www\yii\framework\web\CController.php(291): CFilterChain->run()
#11 C:\wamp\www\yii\framework\web\CController.php(265): CController->runActionWithFilters(Object(CInlineAction), Array)
#12 C:\wamp\www\yii\framework\web\CWebApplication.php(282): CController->run('create')
#13 C:\wamp\www\yii\framework\web\CWebApplication.php(141): CWebApplication->runController('director/create')
#14 C:\wamp\www\yii\framework\base\CApplication.php(184): CWebApplication->processRequest()
#15 C:\wamp\www\yii\Facilito\index.php(13): CApplication->run()
#16 {main}
REQUEST_URI=/yii/Facilito/director/create
HTTP_REFERER=http://localhost/yii/Facilito/director/create
---
